#
# A fatal error has been detected by the Java Runtime Environment:
#
#  EXCEPTION_ACCESS_VIOLATION (0xc0000005) at pc=0x00000000626bf8e7, pid=6264, tid=0x00000000000053dc
#
# JRE version: Java(TM) SE Runtime Environment (8.0_191-b12) (build 1.8.0_191-b12)
# Java VM: Java HotSpot(TM) 64-Bit Server VM (25.191-b12 mixed mode windows-amd64 compressed oops)
# Problematic frame:
# V  [jvm.dll+0x13f8e7]
#
# Failed to write core dump. Minidumps are not enabled by default on client versions of Windows
#
# If you would like to submit a bug report, please visit:
#   http://bugreport.java.com/bugreport/crash.jsp
#

---------------  T H R E A D  ---------------

Current thread (0x0000000018c2f800):  JavaThread "AWT-EventQueue-0" [_thread_in_vm, id=21468, stack(0x000000001a4b0000,0x000000001a5b0000)]

siginfo: ExceptionCode=0xc0000005, reading address 0x0000000000000000

Registers:
RAX=0x0000000000000000, RBX=0x0000000018c2f800, RCX=0x0000000000000f80, RDX=0x0000000018ae8b10
RSP=0x000000001a5ad180, RBP=0x0000000000000000, RSI=0x0000000018ae8b10, RDI=0x0000000000000001
R8 =0x0000000000000000, R9 =0x00000000e74951d8, R10=0x0000000000000274, R11=0x0000000062d95aa0
R12=0x0000000000000000, R13=0x0000000000000000, R14=0x0000000080000000, R15=0x0000000018c2f800
RIP=0x00000000626bf8e7, EFLAGS=0x0000000000010202

Top of Stack: (sp=0x000000001a5ad180)
0x000000001a5ad180:   000097f27f737005 cccccccccccccccc
0x000000001a5ad190:   0000000000000000 0000000000000000
0x000000001a5ad1a0:   0000000000000000 00000001800012ca
0x000000001a5ad1b0:   0000000000000000 000000001a5ad230
0x000000001a5ad1c0:   0000000000000000 0000000000000000
0x000000001a5ad1d0:   000000001a5ad1f0 0000000180002440
0x000000001a5ad1e0:   0000000000000000 0000000180001173
0x000000001a5ad1f0:   0000000000000000 000000018000113a
0x000000001a5ad200:   0000000000000000 0000000000000000
0x000000001a5ad210:   0000000018c2f800 0000000000000000
0x000000001a5ad220:   0000000003010e65 0000000018c2f9f8
0x000000001a5ad230:   0000000100000001 000000001a5ad1f0
0x000000001a5ad240:   0000000180022390 0000000a00000030
0x000000001a5ad250:   000000001a5ad200 0000000000000000
0x000000001a5ad260:   0000000000000000 000000001a5ad1f0
0x000000001a5ad270:   0000000000000001 00000000e7494b38 

Instructions: (pc=0x00000000626bf8e7)
0x00000000626bf8c7:   00 00 00 30 74 08 48 8b cb e8 7b 43 10 00 c7 83
0x00000000626bf8d7:   70 02 00 00 06 00 00 00 40 b7 01 48 85 f6 74 60
0x00000000626bf8e7:   48 8b 4d 00 40 32 ff e8 2d 97 f2 ff 48 8b d0 48
0x00000000626bf8f7:   85 c0 74 4c 40 38 3d 9f 51 6d 00 4c 8b 06 74 16 


Register to memory mapping:

RAX=0x0000000000000000 is an unknown value
RBX=0x0000000018c2f800 is a thread
RCX=0x0000000000000f80 is an unknown value
RDX=0x0000000018ae8b10 is an unknown value
RSP=0x000000001a5ad180 is pointing into the stack for thread: 0x0000000018c2f800
RBP=0x0000000000000000 is an unknown value
RSI=0x0000000018ae8b10 is an unknown value
RDI=0x0000000000000001 is an unknown value
R8 =0x0000000000000000 is an unknown value
R9 =0x00000000e74951d8 is an oop
[Ljava.lang.Object; 
 - klass: 'java/lang/Object'[]
 - length: 1
R10=0x0000000000000274 is an unknown value
R11=0x0000000062d95aa0 is an unknown value
R12=0x0000000000000000 is an unknown value
R13=0x0000000000000000 is an unknown value
R14=0x0000000080000000 is an unknown value
R15=0x0000000018c2f800 is a thread


Stack: [0x000000001a4b0000,0x000000001a5b0000],  sp=0x000000001a5ad180,  free space=1012k
Native frames: (J=compiled Java code, j=interpreted, Vv=VM code, C=native code)

Java frames: (J=compiled Java code, j=interpreted, Vv=VM code)
J 577  com.sun.jna.Function.invokeInt(I[Ljava/lang/Object;)I (0 bytes) @ 0x000000000291730f [0x00000000029172c0+0x4f]
J 2198 C2 com.sun.jna.Function.invoke([Ljava/lang/Object;Ljava/lang/Class;Z)Ljava/lang/Object; (1141 bytes) @ 0x0000000002dab4b8 [0x0000000002dab200+0x2b8]
J 2194 C2 com.sun.jna.Function.invoke(Ljava/lang/Class;[Ljava/lang/Object;Ljava/util/Map;)Ljava/lang/Object; (572 bytes) @ 0x0000000002db2f18 [0x0000000002db2080+0xe98]
J 2196 C2 com.sun.jna.Library$Handler.invoke(Ljava/lang/Object;Ljava/lang/reflect/Method;[Ljava/lang/Object;)Ljava/lang/Object; (348 bytes) @ 0x0000000002dac8f8 [0x0000000002dac420+0x4d8]
J 6261 C2 com.group_finity.mascot.win.WindowsTranslucentWindow.paint(Ljava/awt/Graphics;)V (23 bytes) @ 0x000000000380ad90 [0x000000000380abc0+0x1d0]
J 5869 C2 javax.swing.RepaintManager$4.run()Ljava/lang/Object; (5 bytes) @ 0x000000000298857c [0x0000000002987e40+0x73c]
v  ~StubRoutines::call_stub
J 2171  java.security.AccessController.doPrivileged(Ljava/security/PrivilegedAction;Ljava/security/AccessControlContext;)Ljava/lang/Object; (0 bytes) @ 0x0000000002d880a6 [0x0000000002d88040+0x66]
J 5866 C2 javax.swing.RepaintManager.paintDirtyRegions(Ljava/util/Map;)V (196 bytes) @ 0x00000000036e13ec [0x00000000036e0de0+0x60c]
J 5888 C2 javax.swing.RepaintManager$ProcessingRunnable.run()V (41 bytes) @ 0x0000000002d47eec [0x0000000002d47bc0+0x32c]
J 4713 C2 java.awt.EventQueue$3.run()Ljava/lang/Object; (5 bytes) @ 0x00000000033910d8 [0x0000000003390e80+0x258]
v  ~StubRoutines::call_stub
J 2171  java.security.AccessController.doPrivileged(Ljava/security/PrivilegedAction;Ljava/security/AccessControlContext;)Ljava/lang/Object; (0 bytes) @ 0x0000000002d880a6 [0x0000000002d88040+0x66]
J 4587 C2 java.awt.EventDispatchThread.pumpOneEventForFilters(I)V (190 bytes) @ 0x00000000033171dc [0x0000000003315f00+0x12dc]
j  java.awt.EventDispatchThread.pumpEventsForFilter(ILjava/awt/Conditional;Ljava/awt/EventFilter;)V+35
j  java.awt.EventDispatchThread.pumpEventsForHierarchy(ILjava/awt/Conditional;Ljava/awt/Component;)V+11
j  java.awt.EventDispatchThread.pumpEvents(ILjava/awt/Conditional;)V+4
j  java.awt.EventDispatchThread.pumpEvents(Ljava/awt/Conditional;)V+3
j  java.awt.EventDispatchThread.run()V+9
v  ~StubRoutines::call_stub

---------------  P R O C E S S  ---------------

Java Threads: ( => current thread )
  0x000000001782d000 JavaThread "Thread-2" daemon [_thread_in_native, id=19828, stack(0x000000001ef40000,0x000000001f040000)]
  0x0000000017830000 JavaThread "Thread-5" [_thread_in_native, id=23064, stack(0x000000001ed40000,0x000000001ee40000)]
  0x000000001782b800 JavaThread "SIGTERM handler" daemon [_thread_blocked, id=4052, stack(0x000000001cc70000,0x000000001cd70000)]
  0x0000000018aac800 JavaThread "TimerQueue" daemon [_thread_blocked, id=24020, stack(0x000000001c870000,0x000000001c970000)]
  0x0000000002591000 JavaThread "DestroyJavaVM" [_thread_blocked, id=23236, stack(0x0000000002440000,0x0000000002540000)]
  0x000000001b4e2800 JavaThread "Thread-7" [_thread_in_native, id=19184, stack(0x000000001c170000,0x000000001c270000)]
=>0x0000000018c2f800 JavaThread "AWT-EventQueue-0" [_thread_in_vm, id=21468, stack(0x000000001a4b0000,0x000000001a5b0000)]
  0x0000000018b87800 JavaThread "AWT-Shutdown" [_thread_blocked, id=23012, stack(0x000000001a3b0000,0x000000001a4b0000)]
  0x0000000018b26800 JavaThread "Thread-4" daemon [_thread_blocked, id=23328, stack(0x000000001a190000,0x000000001a290000)]
  0x00000000188f1000 JavaThread "AWT-Windows" daemon [_thread_in_native, id=13056, stack(0x0000000019260000,0x0000000019360000)]
  0x00000000188ed800 JavaThread "Java2D Disposer" daemon [_thread_blocked, id=23172, stack(0x0000000019020000,0x0000000019120000)]
  0x000000001798b000 JavaThread "Thread-1" daemon [_thread_blocked, id=21156, stack(0x00000000185e0000,0x00000000186e0000)]
  0x000000001789c800 JavaThread "Service Thread" daemon [_thread_blocked, id=17040, stack(0x00000000183e0000,0x00000000184e0000)]
  0x000000001782a000 JavaThread "C1 CompilerThread3" daemon [_thread_blocked, id=9884, stack(0x00000000182e0000,0x00000000183e0000)]
  0x0000000017824000 JavaThread "C2 CompilerThread2" daemon [_thread_blocked, id=22832, stack(0x00000000181e0000,0x00000000182e0000)]
  0x0000000017821000 JavaThread "C2 CompilerThread1" daemon [_thread_blocked, id=23300, stack(0x00000000180e0000,0x00000000181e0000)]
  0x000000001781c800 JavaThread "C2 CompilerThread0" daemon [_thread_blocked, id=22796, stack(0x0000000017fe0000,0x00000000180e0000)]
  0x0000000017816800 JavaThread "Attach Listener" daemon [_thread_blocked, id=14800, stack(0x0000000017ee0000,0x0000000017fe0000)]
  0x000000001592e000 JavaThread "Signal Dispatcher" daemon [_thread_blocked, id=23768, stack(0x0000000017de0000,0x0000000017ee0000)]
  0x000000000268e000 JavaThread "Finalizer" daemon [_thread_blocked, id=23360, stack(0x0000000017bf0000,0x0000000017cf0000)]
  0x0000000002687000 JavaThread "Reference Handler" daemon [_thread_blocked, id=23744, stack(0x00000000176f0000,0x00000000177f0000)]

Other Threads:
  0x0000000015918800 VMThread [stack: 0x00000000175f0000,0x00000000176f0000] [id=23708]
  0x00000000178eb000 WatcherThread [stack: 0x00000000184e0000,0x00000000185e0000] [id=20676]

VM state:not at safepoint (normal execution)

VM Mutex/Monitor currently owned by a thread: None

Heap:
 PSYoungGen      total 136192K, used 35219K [0x00000000e6700000, 0x00000000f1800000, 0x0000000100000000)
  eden space 120832K, 16% used [0x00000000e6700000,0x00000000e7a64f38,0x00000000edd00000)
  from space 15360K, 100% used [0x00000000ee180000,0x00000000ef080000,0x00000000ef080000)
  to   space 30208K, 0% used [0x00000000efa80000,0x00000000efa80000,0x00000000f1800000)
 ParOldGen       total 107008K, used 55478K [0x00000000b3400000, 0x00000000b9c80000, 0x00000000e6700000)
  object space 107008K, 51% used [0x00000000b3400000,0x00000000b6a2da80,0x00000000b9c80000)
 Metaspace       used 22418K, capacity 23690K, committed 28160K, reserved 1073152K
  class space    used 2532K, capacity 2987K, committed 4608K, reserved 1048576K

Card table byte_map: [0x0000000011a50000,0x0000000011cc0000] byte_map_base: 0x00000000114b6000

Marking Bits: (ParMarkBitMap*) 0x0000000062da3e30
 Begin Bits: [0x0000000012660000, 0x0000000013990000)
 End Bits:   [0x0000000013990000, 0x0000000014cc0000)

Polling page: 0x00000000001e0000

CodeCache: size=245760Kb used=17898Kb max_used=18027Kb free=227861Kb
 bounds [0x0000000002690000, 0x0000000003880000, 0x0000000011690000]
 total_blobs=5783 nmethods=5224 adapters=469
 compilation: enabled

Compilation events (10 events):
Event: 1070.755 Thread 0x0000000017824000 6342       4       java.lang.invoke.MethodHandleImpl::countNonNull (38 bytes)
Event: 1070.755 Thread 0x000000001782a000 6343       3       java.lang.invoke.LambdaForm$BMH/587153993::reinvoke (25 bytes)
Event: 1070.756 Thread 0x000000001782a000 nmethod 6343 0x0000000002efd790 code [0x0000000002efd920, 0x0000000002efde98]
Event: 1070.756 Thread 0x000000001782a000 6344       3       jdk.nashorn.internal.runtime.linker.NashornGuards::isMap (24 bytes)
Event: 1070.756 Thread 0x000000001782a000 nmethod 6344 0x00000000028401d0 code [0x0000000002840340, 0x0000000002840770]
Event: 1070.757 Thread 0x0000000017824000 nmethod 6342 0x0000000002e7fa50 code [0x0000000002e7fb80, 0x0000000002e7fc58]
Event: 1074.517 Thread 0x000000001782a000 6345 %     3       java.awt.EventDispatchThread::pumpEventsForFilter @ 10 (47 bytes)
Event: 1074.518 Thread 0x000000001782a000 nmethod 6345% 0x0000000002b5b890 code [0x0000000002b5ba60, 0x0000000002b5c058]
Event: 1075.199 Thread 0x000000001782a000 6346       3       jdk.nashorn.internal.objects.Global::toObject (46 bytes)
Event: 1075.199 Thread 0x000000001782a000 nmethod 6346 0x0000000002f63110 code [0x0000000002f63300, 0x0000000002f63ce8]

GC Heap History (10 events):
Event: 935.476 GC heap before
{Heap before GC invocations=23 (full 2):
 PSYoungGen      total 172544K, used 160128K [0x00000000e6700000, 0x00000000f3680000, 0x0000000100000000)
  eden space 145920K, 100% used [0x00000000e6700000,0x00000000ef580000,0x00000000ef580000)
  from space 26624K, 53% used [0x00000000f1c80000,0x00000000f2a60000,0x00000000f3680000)
  to   space 33280K, 0% used [0x00000000ef580000,0x00000000ef580000,0x00000000f1600000)
 ParOldGen       total 107008K, used 55382K [0x00000000b3400000, 0x00000000b9c80000, 0x00000000e6700000)
  object space 107008K, 51% used [0x00000000b3400000,0x00000000b6a15a80,0x00000000b9c80000)
 Metaspace       used 22351K, capacity 23626K, committed 28160K, reserved 1073152K
  class space    used 2523K, capacity 2977K, committed 4608K, reserved 1048576K
Event: 935.512 GC heap after
Heap after GC invocations=23 (full 2):
 PSYoungGen      total 155648K, used 15168K [0x00000000e6700000, 0x00000000f2e00000, 0x0000000100000000)
  eden space 140288K, 0% used [0x00000000e6700000,0x00000000e6700000,0x00000000ef000000)
  from space 15360K, 98% used [0x00000000ef580000,0x00000000f0450000,0x00000000f0480000)
  to   space 31744K, 0% used [0x00000000f0f00000,0x00000000f0f00000,0x00000000f2e00000)
 ParOldGen       total 107008K, used 55382K [0x00000000b3400000, 0x00000000b9c80000, 0x00000000e6700000)
  object space 107008K, 51% used [0x00000000b3400000,0x00000000b6a15a80,0x00000000b9c80000)
 Metaspace       used 22351K, capacity 23626K, committed 28160K, reserved 1073152K
  class space    used 2523K, capacity 2977K, committed 4608K, reserved 1048576K
}
Event: 983.315 GC heap before
{Heap before GC invocations=24 (full 2):
 PSYoungGen      total 155648K, used 155456K [0x00000000e6700000, 0x00000000f2e00000, 0x0000000100000000)
  eden space 140288K, 100% used [0x00000000e6700000,0x00000000ef000000,0x00000000ef000000)
  from space 15360K, 98% used [0x00000000ef580000,0x00000000f0450000,0x00000000f0480000)
  to   space 31744K, 0% used [0x00000000f0f00000,0x00000000f0f00000,0x00000000f2e00000)
 ParOldGen       total 107008K, used 55382K [0x00000000b3400000, 0x00000000b9c80000, 0x00000000e6700000)
  object space 107008K, 51% used [0x00000000b3400000,0x00000000b6a15a80,0x00000000b9c80000)
 Metaspace       used 22355K, capacity 23634K, committed 28160K, reserved 1073152K
  class space    used 2525K, capacity 2979K, committed 4608K, reserved 1048576K
Event: 983.367 GC heap after
Heap after GC invocations=24 (full 2):
 PSYoungGen      total 163840K, used 23360K [0x00000000e6700000, 0x00000000f2b00000, 0x0000000100000000)
  eden space 135168K, 0% used [0x00000000e6700000,0x00000000e6700000,0x00000000eeb00000)
  from space 28672K, 81% used [0x00000000f0f00000,0x00000000f25d0000,0x00000000f2b00000)
  to   space 32768K, 0% used [0x00000000eeb00000,0x00000000eeb00000,0x00000000f0b00000)
 ParOldGen       total 107008K, used 55390K [0x00000000b3400000, 0x00000000b9c80000, 0x00000000e6700000)
  object space 107008K, 51% used [0x00000000b3400000,0x00000000b6a17a80,0x00000000b9c80000)
 Metaspace       used 22355K, capacity 23634K, committed 28160K, reserved 1073152K
  class space    used 2525K, capacity 2979K, committed 4608K, reserved 1048576K
}
Event: 1022.396 GC heap before
{Heap before GC invocations=25 (full 2):
 PSYoungGen      total 163840K, used 158528K [0x00000000e6700000, 0x00000000f2b00000, 0x0000000100000000)
  eden space 135168K, 100% used [0x00000000e6700000,0x00000000eeb00000,0x00000000eeb00000)
  from space 28672K, 81% used [0x00000000f0f00000,0x00000000f25d0000,0x00000000f2b00000)
  to   space 32768K, 0% used [0x00000000eeb00000,0x00000000eeb00000,0x00000000f0b00000)
 ParOldGen       total 107008K, used 55390K [0x00000000b3400000, 0x00000000b9c80000, 0x00000000e6700000)
  object space 107008K, 51% used [0x00000000b3400000,0x00000000b6a17a80,0x00000000b9c80000)
 Metaspace       used 22370K, capacity 23658K, committed 28160K, reserved 1073152K
  class space    used 2529K, capacity 2987K, committed 4608K, reserved 1048576K
Event: 1022.445 GC heap after
Heap after GC invocations=25 (full 2):
 PSYoungGen      total 149504K, used 19360K [0x00000000e6700000, 0x00000000f2500000, 0x0000000100000000)
  eden space 130048K, 0% used [0x00000000e6700000,0x00000000e6700000,0x00000000ee600000)
  from space 19456K, 99% used [0x00000000eeb00000,0x00000000efde8000,0x00000000efe00000)
  to   space 32256K, 0% used [0x00000000f0580000,0x00000000f0580000,0x00000000f2500000)
 ParOldGen       total 107008K, used 55398K [0x00000000b3400000, 0x00000000b9c80000, 0x00000000e6700000)
  object space 107008K, 51% used [0x00000000b3400000,0x00000000b6a19a80,0x00000000b9c80000)
 Metaspace       used 22370K, capacity 23658K, committed 28160K, reserved 1073152K
  class space    used 2529K, capacity 2987K, committed 4608K, reserved 1048576K
}
Event: 1048.676 GC heap before
{Heap before GC invocations=26 (full 2):
 PSYoungGen      total 149504K, used 149408K [0x00000000e6700000, 0x00000000f2500000, 0x0000000100000000)
  eden space 130048K, 100% used [0x00000000e6700000,0x00000000ee600000,0x00000000ee600000)
  from space 19456K, 99% used [0x00000000eeb00000,0x00000000efde8000,0x00000000efe00000)
  to   space 32256K, 0% used [0x00000000f0580000,0x00000000f0580000,0x00000000f2500000)
 ParOldGen       total 107008K, used 55398K [0x00000000b3400000, 0x00000000b9c80000, 0x00000000e6700000)
  object space 107008K, 51% used [0x00000000b3400000,0x00000000b6a19a80,0x00000000b9c80000)
 Metaspace       used 22374K, capacity 23670K, committed 28160K, reserved 1073152K
  class space    used 2529K, capacity 2987K, committed 4608K, reserved 1048576K
Event: 1048.716 GC heap after
Heap after GC invocations=26 (full 2):
 PSYoungGen      total 151040K, used 13504K [0x00000000e6700000, 0x00000000f1e80000, 0x0000000100000000)
  eden space 125440K, 0% used [0x00000000e6700000,0x00000000e6700000,0x00000000ee180000)
  from space 25600K, 52% used [0x00000000f0580000,0x00000000f12b0000,0x00000000f1e80000)
  to   space 31232K, 0% used [0x00000000ee180000,0x00000000ee180000,0x00000000f0000000)
 ParOldGen       total 107008K, used 55406K [0x00000000b3400000, 0x00000000b9c80000, 0x00000000e6700000)
  object space 107008K, 51% used [0x00000000b3400000,0x00000000b6a1ba80,0x00000000b9c80000)
 Metaspace       used 22374K, capacity 23670K, committed 28160K, reserved 1073152K
  class space    used 2529K, capacity 2987K, committed 4608K, reserved 1048576K
}
Event: 1078.998 GC heap before
{Heap before GC invocations=27 (full 2):
 PSYoungGen      total 151040K, used 138944K [0x00000000e6700000, 0x00000000f1e80000, 0x0000000100000000)
  eden space 125440K, 100% used [0x00000000e6700000,0x00000000ee180000,0x00000000ee180000)
  from space 25600K, 52% used [0x00000000f0580000,0x00000000f12b0000,0x00000000f1e80000)
  to   space 31232K, 0% used [0x00000000ee180000,0x00000000ee180000,0x00000000f0000000)
 ParOldGen       total 107008K, used 55406K [0x00000000b3400000, 0x00000000b9c80000, 0x00000000e6700000)
  object space 107008K, 51% used [0x00000000b3400000,0x00000000b6a1ba80,0x00000000b9c80000)
 Metaspace       used 22384K, capacity 23690K, committed 28160K, reserved 1073152K
  class space    used 2529K, capacity 2987K, committed 4608K, reserved 1048576K
Event: 1079.027 GC heap after
Heap after GC invocations=27 (full 2):
 PSYoungGen      total 136192K, used 15360K [0x00000000e6700000, 0x00000000f1800000, 0x0000000100000000)
  eden space 120832K, 0% used [0x00000000e6700000,0x00000000e6700000,0x00000000edd00000)
  from space 15360K, 100% used [0x00000000ee180000,0x00000000ef080000,0x00000000ef080000)
  to   space 30208K, 0% used [0x00000000efa80000,0x00000000efa80000,0x00000000f1800000)
 ParOldGen       total 107008K, used 55478K [0x00000000b3400000, 0x00000000b9c80000, 0x00000000e6700000)
  object space 107008K, 51% used [0x00000000b3400000,0x00000000b6a2da80,0x00000000b9c80000)
 Metaspace       used 22384K, capacity 23690K, committed 28160K, reserved 1073152K
  class space    used 2529K, capacity 2987K, committed 4608K, reserved 1048576K
}

Deoptimization events (10 events):
Event: 823.356 Thread 0x000000001b4e2800 Uncommon trap: reason=unstable_if action=reinterpret pc=0x00000000036dcf14 method=com.group_finity.mascot.behavior.UserBehavior.next()V @ 66
Event: 864.396 Thread 0x000000001b4e2800 Uncommon trap: reason=intrinsic action=reinterpret pc=0x0000000002b57c9c method=java.lang.invoke.LambdaForm$MH/988800485.guard(Ljava/lang/Object;Ljava/lang/Object;)Ljava/lang/Object; @ 46
Event: 864.516 Thread 0x000000001b4e2800 Uncommon trap: reason=unstable_if action=reinterpret pc=0x00000000032af44c method=jdk.internal.dynalink.support.TypeUtilities.isMethodInvocationConvertible(Ljava/lang/Class;Ljava/lang/Class;)Z @ 81
Event: 868.675 Thread 0x000000001b4e2800 Uncommon trap: reason=bimorphic action=maybe_recompile pc=0x0000000003540bfc method=com.group_finity.mascot.action.BorderedAction.tick()V @ 22
Event: 933.558 Thread 0x000000001b4e2800 Uncommon trap: reason=unstable_if action=reinterpret pc=0x0000000003779f24 method=java.lang.invoke.LambdaForm.uncustomize()Ljava/lang/invoke/LambdaForm; @ 4
Event: 933.558 Thread 0x000000001b4e2800 Uncommon trap: reason=class_check action=maybe_recompile pc=0x0000000003296b70 method=java.lang.invoke.LambdaForm$BMH/466505482.reinvoke(Ljava/lang/Object;Ljava/lang/Object;)Ljava/lang/Object; @ 11
Event: 994.117 Thread 0x000000001b4e2800 Uncommon trap: reason=unstable_if action=reinterpret pc=0x0000000003192f10 method=java.lang.invoke.LambdaFormEditor.collectArgumentArrayForm(ILjava/lang/invoke/MethodHandle;)Ljava/lang/invoke/LambdaForm; @ 156
Event: 1060.158 Thread 0x000000001b4e2800 Uncommon trap: reason=unstable_if action=reinterpret pc=0x0000000002ca1598 method=java.lang.invoke.LambdaForm.uncustomize()Ljava/lang/invoke/LambdaForm; @ 4
Event: 1060.158 Thread 0x000000001b4e2800 Uncommon trap: reason=class_check action=maybe_recompile pc=0x0000000003296b70 method=java.lang.invoke.LambdaForm$BMH/466505482.reinvoke(Ljava/lang/Object;Ljava/lang/Object;)Ljava/lang/Object; @ 11
Event: 1082.139 Thread 0x0000000017830000 Uncommon trap: reason=unstable_if action=reinterpret pc=0x0000000002ddbb68 method=java.lang.reflect.Field.get(Ljava/lang/Object;)Ljava/lang/Object; @ 4

Classes redefined (0 events):
No events

Internal exceptions (10 events):
Event: 3.199 Thread 0x0000000002591000 Exception <a 'java/lang/ClassNotFoundException': jdk/nashorn/internal/runtime/ScriptFunction> (0x00000000e92c5768) thrown at [C:\re\workspace\8-2-build-windows-amd64-cygwin\jdk8u191\11896\hotspot\src\share\vm\classfile\systemDictionary.cpp, line 210]
Event: 13.942 Thread 0x000000001b4e2800 Implicit null exception at 0x0000000002f52ab8 to 0x0000000002f52de5
Event: 14.622 Thread 0x000000001b4e2800 Implicit null exception at 0x0000000002fd94d0 to 0x0000000002fdb7a5
Event: 23.353 Thread 0x0000000018c2f800 Implicit null exception at 0x0000000003018147 to 0x000000000301823d
Event: 31.186 Thread 0x000000001b4e2800 Implicit null exception at 0x000000000306226f to 0x0000000003062c15
Event: 95.610 Thread 0x0000000018c2f800 Implicit null exception at 0x0000000003540dbb to 0x0000000003541f59
Event: 331.255 Thread 0x000000001b4e2800 Implicit null exception at 0x0000000002cad19b to 0x0000000002cae779
Event: 331.256 Thread 0x000000001b4e2800 Implicit null exception at 0x0000000002c9cdfe to 0x0000000002c9d815
Event: 331.257 Thread 0x000000001b4e2800 Implicit null exception at 0x00000000028af9d5 to 0x00000000028afe01
Event: 734.960 Thread 0x000000001b4e2800 Implicit null exception at 0x0000000002f5c864 to 0x0000000002f5deed

Events (10 events):
Event: 1082.139 Thread 0x000000001782d000 Thread added: 0x000000001782d000
Event: 1082.139 Thread 0x000000001782b000 Thread added: 0x000000001782b000
Event: 1082.139 Thread 0x000000001782e000 Thread added: 0x000000001782e000
Event: 1082.139 Thread 0x0000000017830000 Uncommon trap: trap_request=0xffffff65 fr.pc=0x0000000002ddbb68
Event: 1082.139 Thread 0x0000000017830000 DEOPT PACKING pc=0x0000000002ddbb68 sp=0x000000001ee3eec0
Event: 1082.139 Thread 0x0000000017830000 DEOPT UNPACKING pc=0x00000000026d583b sp=0x000000001ee3ee70 mode 2
Event: 1082.139 Thread 0x000000001782e000 Thread exited: 0x000000001782e000
Event: 1082.139 loading class java/util/WeakHashMap$KeyIterator
Event: 1082.139 loading class java/util/WeakHashMap$KeyIterator done
Event: 1082.139 Thread 0x000000001782b000 Thread exited: 0x000000001782b000


Dynamic libraries:
0x00007ff78c990000 - 0x00007ff78c9c7000 	C:\Program Files\Java\jre1.8.0_191\bin\javaw.exe
0x00007ffc96450000 - 0x00007ffc96631000 	C:\WINDOWS\SYSTEM32\ntdll.dll
0x00007ffc961a0000 - 0x00007ffc96252000 	C:\WINDOWS\System32\KERNEL32.DLL
0x00007ffc92d20000 - 0x00007ffc92f93000 	C:\WINDOWS\System32\KERNELBASE.dll
0x00007ffc93b10000 - 0x00007ffc93bb1000 	C:\WINDOWS\System32\ADVAPI32.dll
0x00007ffc94430000 - 0x00007ffc944ce000 	C:\WINDOWS\System32\msvcrt.dll
0x00007ffc943d0000 - 0x00007ffc9442b000 	C:\WINDOWS\System32\sechost.dll
0x00007ffc942a0000 - 0x00007ffc943c4000 	C:\WINDOWS\System32\RPCRT4.dll
0x00007ffc96010000 - 0x00007ffc961a0000 	C:\WINDOWS\System32\USER32.dll
0x00007ffc92820000 - 0x00007ffc92840000 	C:\WINDOWS\System32\win32u.dll
0x00007ffc93a00000 - 0x00007ffc93a28000 	C:\WINDOWS\System32\GDI32.dll
0x00007ffc92840000 - 0x00007ffc929d2000 	C:\WINDOWS\System32\gdi32full.dll
0x00007ffc92c80000 - 0x00007ffc92d1f000 	C:\WINDOWS\System32\msvcp_win.dll
0x00007ffc92fa0000 - 0x00007ffc9309a000 	C:\WINDOWS\System32\ucrtbase.dll
0x00007ffc85530000 - 0x00007ffc85799000 	C:\WINDOWS\WinSxS\amd64_microsoft.windows.common-controls_6595b64144ccf1df_6.0.17134.471_none_fb3e9aab3068fc16\COMCTL32.dll
0x00007ffc95b80000 - 0x00007ffc95ea2000 	C:\WINDOWS\System32\combase.dll
0x00007ffc930a0000 - 0x00007ffc9311a000 	C:\WINDOWS\System32\bcryptPrimitives.dll
0x00007ffc962e0000 - 0x00007ffc9630d000 	C:\WINDOWS\System32\IMM32.DLL
0x0000000062e30000 - 0x0000000062f02000 	C:\Program Files\Java\jre1.8.0_191\bin\msvcr100.dll
0x0000000062580000 - 0x0000000062e24000 	C:\Program Files\Java\jre1.8.0_191\bin\server\jvm.dll
0x00007ffc93a30000 - 0x00007ffc93a38000 	C:\WINDOWS\System32\PSAPI.DLL
0x00007ffc8f240000 - 0x00007ffc8f263000 	C:\WINDOWS\SYSTEM32\WINMM.dll
0x00007ffc88960000 - 0x00007ffc8896a000 	C:\WINDOWS\SYSTEM32\VERSION.dll
0x00007ffc8f210000 - 0x00007ffc8f23a000 	C:\WINDOWS\SYSTEM32\winmmbase.dll
0x00007ffc929e0000 - 0x00007ffc92a29000 	C:\WINDOWS\System32\cfgmgr32.dll
0x00007ffc850e0000 - 0x00007ffc850e9000 	C:\WINDOWS\SYSTEM32\WSOCK32.dll
0x00007ffc94010000 - 0x00007ffc9407c000 	C:\WINDOWS\System32\WS2_32.dll
0x0000000062570000 - 0x000000006257f000 	C:\Program Files\Java\jre1.8.0_191\bin\verify.dll
0x0000000062540000 - 0x0000000062569000 	C:\Program Files\Java\jre1.8.0_191\bin\java.dll
0x0000000062520000 - 0x0000000062536000 	C:\Program Files\Java\jre1.8.0_191\bin\zip.dll
0x00007ffc94740000 - 0x00007ffc95b80000 	C:\WINDOWS\System32\SHELL32.dll
0x00007ffc96370000 - 0x00007ffc96419000 	C:\WINDOWS\System32\shcore.dll
0x00007ffc93120000 - 0x00007ffc9382d000 	C:\WINDOWS\System32\windows.storage.dll
0x00007ffc96280000 - 0x00007ffc962d1000 	C:\WINDOWS\System32\shlwapi.dll
0x00007ffc927b0000 - 0x00007ffc927c1000 	C:\WINDOWS\System32\kernel.appcore.dll
0x00007ffc92790000 - 0x00007ffc927af000 	C:\WINDOWS\System32\profapi.dll
0x00007ffc927d0000 - 0x00007ffc9281c000 	C:\WINDOWS\System32\powrprof.dll
0x00007ffc92760000 - 0x00007ffc9276a000 	C:\WINDOWS\System32\FLTLIB.DLL
0x0000000062380000 - 0x0000000062519000 	C:\Program Files\Java\jre1.8.0_191\bin\awt.dll
0x00007ffc93a40000 - 0x00007ffc93b02000 	C:\WINDOWS\System32\OLEAUT32.dll
0x00007ffc907a0000 - 0x00007ffc9082b000 	C:\WINDOWS\SYSTEM32\apphelp.dll
0x00007ffc90b30000 - 0x00007ffc90b59000 	C:\WINDOWS\system32\DWMAPI.DLL
0x00007ffc908e0000 - 0x00007ffc90978000 	C:\WINDOWS\system32\uxtheme.dll
0x00007ffc71900000 - 0x00007ffc71a20000 	C:\WINDOWS\system32\opengl32.dll
0x00007ffc71890000 - 0x00007ffc718bc000 	C:\WINDOWS\SYSTEM32\GLU32.dll
0x00007ffc944d0000 - 0x00007ffc94643000 	C:\WINDOWS\System32\MSCTF.dll
0x00007ffc95eb0000 - 0x00007ffc96001000 	C:\WINDOWS\System32\ole32.dll
0x0000000062360000 - 0x000000006237a000 	C:\Program Files\Java\jre1.8.0_191\bin\net.dll
0x00007ffc91fe0000 - 0x00007ffc92046000 	C:\WINDOWS\system32\mswsock.dll
0x0000000062340000 - 0x0000000062351000 	C:\Program Files\Java\jre1.8.0_191\bin\nio.dll
0x00007ffc92190000 - 0x00007ffc921a7000 	C:\WINDOWS\SYSTEM32\CRYPTSP.dll
0x00007ffc91bc0000 - 0x00007ffc91bf3000 	C:\WINDOWS\system32\rsaenh.dll
0x00007ffc922c0000 - 0x00007ffc922e5000 	C:\WINDOWS\SYSTEM32\bcrypt.dll
0x00007ffc92690000 - 0x00007ffc926b8000 	C:\WINDOWS\SYSTEM32\USERENV.dll
0x00007ffc921b0000 - 0x00007ffc921bb000 	C:\WINDOWS\SYSTEM32\CRYPTBASE.dll
0x00007ffc91d60000 - 0x00007ffc91d98000 	C:\WINDOWS\SYSTEM32\IPHLPAPI.DLL
0x00007ffc940f0000 - 0x00007ffc940f8000 	C:\WINDOWS\System32\NSI.dll
0x00007ffc88a50000 - 0x00007ffc88a66000 	C:\WINDOWS\SYSTEM32\dhcpcsvc6.DLL
0x00007ffc84d20000 - 0x00007ffc84d3a000 	C:\WINDOWS\SYSTEM32\dhcpcsvc.DLL
0x0000000180000000 - 0x0000000180032000 	C:\Users\matej\AppData\Local\Temp\jna4859635568934547210.tmp
0x00000000622f0000 - 0x0000000062337000 	C:\Program Files\Java\jre1.8.0_191\bin\fontmanager.dll
0x00007ffc857a0000 - 0x00007ffc85848000 	C:\WINDOWS\SYSTEM32\mscms.dll
0x00007ffc85c70000 - 0x00007ffc85c80000 	C:\WINDOWS\SYSTEM32\ColorAdapterClient.dll
0x00007ffc74670000 - 0x00007ffc746b3000 	C:\WINDOWS\SYSTEM32\icm32.dll
0x0000000062290000 - 0x00000000622d2000 	C:\Program Files\Java\jre1.8.0_191\bin\t2k.dll
0x00007ffc910b0000 - 0x00007ffc91279000 	C:\WINDOWS\SYSTEM32\dbghelp.dll

VM Arguments:
jvm_args: -Xmx1228m 
java_command: C:\Users\matej\Desktop\REAL PURO\.\Shimeji-ee.jar -Djava.util.logging.config.file=./logging.properties
java_class_path (initial): C:\Users\matej\Desktop\REAL PURO\.\Shimeji-ee.jar
Launcher Type: SUN_STANDARD

Environment Variables:
PATH=C:\Program Files (x86)\Common Files\Oracle\Java\javapath;C:\ProgramData\Oracle\Java\javapath;C:\Program Files (x86)\Intel\iCLS Client\;C:\Program Files\Intel\iCLS Client\;C:\Windows\system32;C:\Windows;C:\Windows\System32\Wbem;C:\Windows\System32\WindowsPowerShell\v1.0\;C:\Program Files (x86)\NVIDIA Corporation\PhysX\Common;C:\Program Files (x86)\Intel\Intel(R) Management Engine Components\DAL;C:\Program Files\Intel\Intel(R) Management Engine Components\DAL;C:\Program Files (x86)\Intel\Intel(R) Management Engine Components\IPT;C:\Program Files\Intel\Intel(R) Management Engine Components\IPT;C:\WINDOWS\system32;C:\WINDOWS;C:\WINDOWS\System32\Wbem;C:\WINDOWS\System32\WindowsPowerShell\v1.0\;C:\WINDOWS\System32\OpenSSH\;C:\Program Files (x86)\QuickTime\QTSystem\;C:\Users\matej\AppData\Local\Microsoft\WindowsApps;;C:\Program Files\Java\jre1.8.0_191\bin
USERNAME=matej
OS=Windows_NT
PROCESSOR_IDENTIFIER=Intel64 Family 6 Model 158 Stepping 9, GenuineIntel



---------------  S Y S T E M  ---------------

OS: Windows 10.0 , 64 bit Build 17134 (10.0.17134.1)

CPU:total 8 (initial active 8) (4 cores per cpu, 2 threads per core) family 6 model 158 stepping 9, cmov, cx8, fxsr, mmx, sse, sse2, sse3, ssse3, sse4.1, sse4.2, popcnt, avx, avx2, aes, clmul, erms, 3dnowpref, lzcnt, ht, tsc, tscinvbit, bmi1, bmi2, adx

Memory: 4k page, physical 8260772k(3638476k free), swap 15600804k(7550820k free)

vm_info: Java HotSpot(TM) 64-Bit Server VM (25.191-b12) for windows-amd64 JRE (1.8.0_191-b12), built on Oct  6 2018 09:29:03 by "java_re" with MS VC++ 10.0 (VS2010)

time: Thu Dec 20 02:20:52 2018
elapsed time: 1082 seconds (0d 0h 18m 2s)

